<?xml version="1.0" encoding="UTF-8"?>
<!-- Generated by org.testng.reporters.JUnitXMLReporter -->
<testsuite ignored="1" hostname="SarthakThinkpad" failures="0" tests="1" name="Default test" time="2.998" errors="0" timestamp="2023-05-13T14:04:18 GMT-04:00">
  <testcase classname="automationcode_13thMay_2023_CalendarsDatePicker.LearnVariousCalendars" name="part2" time="2.962"/>
  <testcase classname="automationcode_13thMay_2023_CalendarsDatePicker.LearnVariousCalendars" name="part1" time="0.0">
    <ignored/>
  </testcase> <!-- part1 -->
</testsuite> <!-- Default test -->
