<?xml version="1.0" encoding="UTF-8"?>
<!-- Generated by org.testng.reporters.JUnitXMLReporter -->
<testsuite ignored="1" hostname="SarthakThinkpad" failures="0" tests="1" name="Default test" time="44.636" errors="0" timestamp="2023-05-14T11:56:04 GMT-04:00">
  <testcase classname="automationcode_14thMay_2023_PracticeCalendars.MakeMyTrip" name="addDepartureArrivalDate" time="44.594"/>
  <testcase classname="automationcode_14thMay_2023_PracticeCalendars.MakeMyTrip" name="addingToAndFromDestinations" time="0.0">
    <ignored/>
  </testcase> <!-- addingToAndFromDestinations -->
</testsuite> <!-- Default test -->
