<?xml version="1.0" encoding="UTF-8"?>
<!-- Generated by org.testng.reporters.JUnitXMLReporter -->
<testsuite ignored="0" hostname="SarthakThinkpad" failures="1" tests="6" name="Test" time="17.223" errors="0" timestamp="09 Apr 2023 16:59:43 GMT">
  <testcase classname="com.automationcode_Applying_Inheritance_9thApr_2023.SearchProductTest" name="@AfterMethod tearDown" time="0.0">
    <failure type="java.lang.NullPointerException" message="Cannot invoke &amp;quot;org.openqa.selenium.WebDriver.quit()&amp;quot; because &amp;quot;this.driver&amp;quot; is null">
      <![CDATA[java.lang.NullPointerException: Cannot invoke "org.openqa.selenium.WebDriver.quit()" because "this.driver" is null
at com.automationcode_Applying_Inheritance_9thApr_2023.SearchProductTest.tearDown(SearchProductTest.java:41)
... Removed 28 stack frames]]>
    </failure>
  </testcase> <!-- @AfterMethod tearDown -->
  <testcase classname="com.automationcode_Applying_Inheritance_9thApr_2023.RegisterTest" name="@BeforeMethod setUp" time="5.257">
    <failure type="java.lang.NullPointerException" message="Cannot invoke &amp;quot;org.openqa.selenium.WebDriver.findElement(org.openqa.selenium.By)&amp;quot; because &amp;quot;this.driver&amp;quot; is null">
      <![CDATA[java.lang.NullPointerException: Cannot invoke "org.openqa.selenium.WebDriver.findElement(org.openqa.selenium.By)" because "this.driver" is null
at com.automationcode_Applying_Inheritance_9thApr_2023.RegisterTest.setUp(RegisterTest.java:20)
... Removed 28 stack frames]]>
    </failure>
  </testcase> <!-- @BeforeMethod setUp -->
  <testcase classname="com.automationcode_Applying_Inheritance_9thApr_2023.RegisterTest" name="@AfterMethod tearDown" time="0.0">
    <skipped/>
  </testcase> <!-- @AfterMethod tearDown -->
  <testcase classname="com.automationcode_Applying_Inheritance_9thApr_2023.LoginTest" name="@BeforeMethod setUp" time="5.213">
    <failure type="java.lang.NullPointerException" message="Cannot invoke &amp;quot;org.openqa.selenium.WebDriver.findElement(org.openqa.selenium.By)&amp;quot; because &amp;quot;this.driver&amp;quot; is null">
      <![CDATA[java.lang.NullPointerException: Cannot invoke "org.openqa.selenium.WebDriver.findElement(org.openqa.selenium.By)" because "this.driver" is null
at com.automationcode_Applying_Inheritance_9thApr_2023.LoginTest.setUp(LoginTest.java:20)
... Removed 28 stack frames]]>
    </failure>
  </testcase> <!-- @BeforeMethod setUp -->
  <testcase classname="com.automationcode_Applying_Inheritance_9thApr_2023.LoginTest" name="@AfterMethod tearDown" time="0.0">
    <skipped/>
  </testcase> <!-- @AfterMethod tearDown -->
  <testcase classname="com.automationcode_Applying_Inheritance_9thApr_2023.SearchProductTest" name="@BeforeMethod setUp" time="0.0">
    <skipped/>
  </testcase> <!-- @BeforeMethod setUp -->
  <testcase classname="com.automationcode_Applying_Inheritance_9thApr_2023.SearchProductTest" name="@AfterMethod tearDown" time="0.0">
    <skipped/>
  </testcase> <!-- @AfterMethod tearDown -->
  <testcase classname="com.automationcode_Applying_Inheritance_9thApr_2023.RegisterTest" name="@BeforeMethod setUp" time="0.0">
    <skipped/>
  </testcase> <!-- @BeforeMethod setUp -->
  <testcase classname="com.automationcode_Applying_Inheritance_9thApr_2023.RegisterTest" name="@AfterMethod tearDown" time="0.0">
    <skipped/>
  </testcase> <!-- @AfterMethod tearDown -->
  <testcase classname="com.automationcode_Applying_Inheritance_9thApr_2023.LoginTest" name="@BeforeMethod setUp" time="0.0">
    <skipped/>
  </testcase> <!-- @BeforeMethod setUp -->
  <testcase classname="com.automationcode_Applying_Inheritance_9thApr_2023.LoginTest" name="@AfterMethod tearDown" time="0.0">
    <skipped/>
  </testcase> <!-- @AfterMethod tearDown -->
  <testcase classname="com.automationcode_Applying_Inheritance_9thApr_2023.SearchProductTest" name="validProductSearchTest" time="0.005">
    <failure type="java.lang.NullPointerException" message="Cannot invoke &amp;quot;org.openqa.selenium.WebDriver.findElement(org.openqa.selenium.By)&amp;quot; because &amp;quot;this.driver&amp;quot; is null">
      <![CDATA[java.lang.NullPointerException: Cannot invoke "org.openqa.selenium.WebDriver.findElement(org.openqa.selenium.By)" because "this.driver" is null
at com.automationcode_Applying_Inheritance_9thApr_2023.SearchProductTest.validProductSearchTest(SearchProductTest.java:23)
... Removed 25 stack frames]]>
    </failure>
  </testcase> <!-- validProductSearchTest -->
  <testcase classname="com.automationcode_Applying_Inheritance_9thApr_2023.RegisterTest" name="enterAllFields" time="0.0">
    <skipped/>
  </testcase> <!-- enterAllFields -->
  <testcase classname="com.automationcode_Applying_Inheritance_9thApr_2023.LoginTest" name="verifyingLoginWithValidCredentials" time="0.0">
    <skipped/>
  </testcase> <!-- verifyingLoginWithValidCredentials -->
  <testcase classname="com.automationcode_Applying_Inheritance_9thApr_2023.SearchProductTest" name="invalidProductSearchTest" time="0.0">
    <skipped/>
  </testcase> <!-- invalidProductSearchTest -->
  <testcase classname="com.automationcode_Applying_Inheritance_9thApr_2023.RegisterTest" name="enterAllMandatoryFields" time="0.0">
    <skipped/>
  </testcase> <!-- enterAllMandatoryFields -->
  <testcase classname="com.automationcode_Applying_Inheritance_9thApr_2023.LoginTest" name="verifyingLoginWithInvalidCredentials" time="0.0">
    <skipped/>
  </testcase> <!-- verifyingLoginWithInvalidCredentials -->
</testsuite> <!-- Test -->
