<?xml version="1.0" encoding="UTF-8"?>
<!-- Generated by org.testng.reporters.JUnitXMLReporter -->
<testsuite ignored="0" hostname="SarthakThinkpad" failures="0" tests="2" name="TN Test" time="13.312" errors="0" timestamp="08 Apr 2023 15:38:33 GMT">
  <testcase classname="com.testngcode_8thApr_2023.TutorialsNinjaRegisterTest" name="rediffLogin" time="7.257"/>
  <testcase classname="com.testngcode_8thApr_2023.TutorialsNinjaLoginTest" name="rediffLogin" time="5.749"/>
</testsuite> <!-- TN Test -->
