<?xml version="1.0" encoding="UTF-8"?>
<testng-results ignored="1" total="2" passed="1" failed="0" skipped="0">
  <reporter-output>
  </reporter-output>
  <suite started-at="2023-05-14T11:55:20 GMT-04:00" name="Default suite" finished-at="2023-05-14T11:56:04 GMT-04:00" duration-ms="44636">
    <groups>
    </groups>
    <test started-at="2023-05-14T11:55:20 GMT-04:00" name="Default test" finished-at="2023-05-14T11:56:04 GMT-04:00" duration-ms="44636">
      <class name="automationcode_14thMay_2023_PracticeCalendars.MakeMyTrip">
        <test-method signature="addDepartureArrivalDate()[pri:2, instance:automationcode_14thMay_2023_PracticeCalendars.MakeMyTrip@1b11171f]" started-at="2023-05-14T11:55:20 GMT-04:00" name="addDepartureArrivalDate" finished-at="2023-05-14T11:56:04 GMT-04:00" duration-ms="44594" status="PASS">
          <reporter-output>
          </reporter-output>
        </test-method> <!-- addDepartureArrivalDate -->
      </class> <!-- automationcode_14thMay_2023_PracticeCalendars.MakeMyTrip -->
    </test> <!-- Default test -->
  </suite> <!-- Default suite -->
</testng-results>
