<?xml version="1.0" encoding="UTF-8"?>
<testng-results ignored="0" total="1" passed="1" failed="0" skipped="0">
  <reporter-output>
  </reporter-output>
  <suite started-at="2023-05-06T12:40:14 GMT-04:00" name="Default suite" finished-at="2023-05-06T12:40:25 GMT-04:00" duration-ms="10933">
    <groups>
    </groups>
    <test started-at="2023-05-06T12:40:14 GMT-04:00" name="Default test" finished-at="2023-05-06T12:40:25 GMT-04:00" duration-ms="10933">
      <class name="automation_extra_topics.Zoom_In_Out">
        <test-method signature="zoom()[pri:0, instance:automation_extra_topics.Zoom_In_Out@23c30a20]" started-at="2023-05-06T12:40:14 GMT-04:00" name="zoom" finished-at="2023-05-06T12:40:25 GMT-04:00" duration-ms="10898" status="PASS">
          <reporter-output>
          </reporter-output>
        </test-method> <!-- zoom -->
      </class> <!-- automation_extra_topics.Zoom_In_Out -->
    </test> <!-- Default test -->
  </suite> <!-- Default suite -->
</testng-results>
